<?xml version="1.0" encoding="UTF-8"?>
<!-- Generated by org.testng.reporters.JUnitXMLReporter -->
<testsuite ignored="0" hostname="Finnys-Mac-mini.local" failures="0" tests="3" name="verify_search_product_addtocart" time="120.986" errors="0" timestamp="2026-03-13T07:54:46 IST">
  <testcase classname="Tests.searchProductFunctionality" name="TC01_verify_search_validProductKeyword" time="20.436"/>
  <testcase classname="Tests.searchProductFunctionality" name="TC02_verify_searchresults_display_relevantProducts_matchingKeyword" time="28.501"/>
  <testcase classname="Tests.searchProductFunctionality" name="TC03_verify_search_Pressing_EnterKey" time="15.163"/>
</testsuite> <!-- verify_search_product_addtocart -->
