<?xml version="1.0" encoding="UTF-8"?>
<testng-results ignored="0" total="3" passed="3" failed="0" skipped="0">
  <reporter-output>
  </reporter-output>
  <suite started-at="2026-03-13T07:52:45 IST" name="Suite" finished-at="2026-03-13T07:54:46 IST" duration-ms="120999">
    <groups>
    </groups>
    <test started-at="2026-03-13T07:52:45 IST" name="setup" finished-at="2026-03-13T07:52:45 IST" duration-ms="3">
    </test> <!-- setup -->
    <test started-at="2026-03-13T07:52:45 IST" name="verify_search_product_addtocart" finished-at="2026-03-13T07:54:46 IST" duration-ms="120986">
      <class name="Tests.searchProductFunctionality">
        <test-method is-config="true" signature="beforeSuit()[pri:0, instance:Tests.searchProductFunctionality@16fdec90]" started-at="2026-03-13T07:52:36 IST" name="beforeSuit" finished-at="2026-03-13T07:52:45 IST" duration-ms="8355" status="PASS">
          <reporter-output>
          </reporter-output>
        </test-method> <!-- beforeSuit -->
        <test-method is-config="true" signature="pageObj()[pri:0, instance:Tests.searchProductFunctionality@16fdec90]" started-at="2026-03-13T07:52:45 IST" name="pageObj" finished-at="2026-03-13T07:52:45 IST" duration-ms="5" status="PASS">
          <reporter-output>
          </reporter-output>
        </test-method> <!-- pageObj -->
        <test-method is-config="true" signature="setupReports(java.lang.reflect.Method)[pri:0, instance:Tests.searchProductFunctionality@16fdec90]" started-at="2026-03-13T07:52:45 IST" name="setupReports" finished-at="2026-03-13T07:52:45 IST" duration-ms="3" status="PASS">
          <params>
            <param index="0">
              <value>
                <![CDATA[public void Tests.searchProductFunctionality.TC01_verify_search_validProductKeyword(java.util.Map) throws java.lang.InterruptedException,java.io.IOException]]>
              </value>
            </param>
          </params>
          <reporter-output>
          </reporter-output>
        </test-method> <!-- setupReports -->
        <test-method is-config="true" signature="navigateToHomepage()[pri:0, instance:Tests.searchProductFunctionality@16fdec90]" started-at="2026-03-13T07:52:45 IST" name="navigateToHomepage" finished-at="2026-03-13T07:53:14 IST" duration-ms="29503" status="PASS">
          <reporter-output>
          </reporter-output>
        </test-method> <!-- navigateToHomepage -->
        <test-method signature="TC01_verify_search_validProductKeyword(java.util.Map)[pri:0, instance:Tests.searchProductFunctionality@16fdec90]" started-at="2026-03-13T07:53:14 IST" name="TC01_verify_search_validProductKeyword" data-provider="AmazonTestDataXLSX" finished-at="2026-03-13T07:53:35 IST" duration-ms="20436" status="PASS">
          <params>
            <param index="0">
              <value>
                <![CDATA[{Scenario Name=TC01_verify_search_validProductKeyword, S. No=1, searchProduct=Iphone 17 pro Max}]]>
              </value>
            </param>
          </params>
          <reporter-output>
          </reporter-output>
        </test-method> <!-- TC01_verify_search_validProductKeyword -->
        <test-method is-config="true" signature="setupReports(java.lang.reflect.Method)[pri:0, instance:Tests.searchProductFunctionality@16fdec90]" started-at="2026-03-13T07:53:35 IST" name="setupReports" finished-at="2026-03-13T07:53:35 IST" duration-ms="1" status="PASS">
          <params>
            <param index="0">
              <value>
                <![CDATA[public void Tests.searchProductFunctionality.TC02_verify_searchresults_display_relevantProducts_matchingKeyword(java.util.Map) throws java.lang.InterruptedException,java.io.IOException]]>
              </value>
            </param>
          </params>
          <reporter-output>
          </reporter-output>
        </test-method> <!-- setupReports -->
        <test-method is-config="true" signature="navigateToHomepage()[pri:0, instance:Tests.searchProductFunctionality@16fdec90]" started-at="2026-03-13T07:53:35 IST" name="navigateToHomepage" finished-at="2026-03-13T07:53:54 IST" duration-ms="19529" status="PASS">
          <reporter-output>
          </reporter-output>
        </test-method> <!-- navigateToHomepage -->
        <test-method signature="TC02_verify_searchresults_display_relevantProducts_matchingKeyword(java.util.Map)[pri:1, instance:Tests.searchProductFunctionality@16fdec90]" started-at="2026-03-13T07:53:54 IST" name="TC02_verify_searchresults_display_relevantProducts_matchingKeyword" data-provider="AmazonTestDataXLSX" finished-at="2026-03-13T07:54:23 IST" duration-ms="28501" status="PASS">
          <params>
            <param index="0">
              <value>
                <![CDATA[{Scenario Name=TC02_verify_searchresults_display_relevantProducts_matchingKeyword, S. No=2, searchProduct=Trimmer}]]>
              </value>
            </param>
          </params>
          <reporter-output>
          </reporter-output>
        </test-method> <!-- TC02_verify_searchresults_display_relevantProducts_matchingKeyword -->
        <test-method is-config="true" signature="navigateToHomepage()[pri:0, instance:Tests.searchProductFunctionality@16fdec90]" started-at="2026-03-13T07:54:23 IST" name="navigateToHomepage" finished-at="2026-03-13T07:54:31 IST" duration-ms="7610" status="PASS">
          <reporter-output>
          </reporter-output>
        </test-method> <!-- navigateToHomepage -->
        <test-method is-config="true" signature="setupReports(java.lang.reflect.Method)[pri:0, instance:Tests.searchProductFunctionality@16fdec90]" started-at="2026-03-13T07:54:23 IST" name="setupReports" finished-at="2026-03-13T07:54:23 IST" duration-ms="0" status="PASS">
          <params>
            <param index="0">
              <value>
                <![CDATA[public void Tests.searchProductFunctionality.TC03_verify_search_Pressing_EnterKey(java.util.Map) throws java.lang.InterruptedException,java.io.IOException]]>
              </value>
            </param>
          </params>
          <reporter-output>
          </reporter-output>
        </test-method> <!-- setupReports -->
        <test-method signature="TC03_verify_search_Pressing_EnterKey(java.util.Map)[pri:2, instance:Tests.searchProductFunctionality@16fdec90]" started-at="2026-03-13T07:54:31 IST" name="TC03_verify_search_Pressing_EnterKey" data-provider="AmazonTestDataXLSX" finished-at="2026-03-13T07:54:46 IST" duration-ms="15163" status="PASS">
          <params>
            <param index="0">
              <value>
                <![CDATA[{Scenario Name=TC03_verify_search_Pressing_EnterKey, S. No=3, searchProduct=Xbox Sereis S}]]>
              </value>
            </param>
          </params>
          <reporter-output>
          </reporter-output>
        </test-method> <!-- TC03_verify_search_Pressing_EnterKey -->
        <test-method is-config="true" signature="afterTest()[pri:0, instance:Tests.searchProductFunctionality@16fdec90]" started-at="2026-03-13T07:54:46 IST" name="afterTest" finished-at="2026-03-13T07:54:46 IST" duration-ms="297" status="PASS">
          <reporter-output>
          </reporter-output>
        </test-method> <!-- afterTest -->
      </class> <!-- Tests.searchProductFunctionality -->
    </test> <!-- verify_search_product_addtocart -->
  </suite> <!-- Suite -->
</testng-results>
