<?xml version="1.0" encoding="UTF-8"?>
<!-- Generated by org.testng.reporters.JUnitReportReporter -->
<testsuite hostname="Finnys-Mac-mini.local" failures="0" tests="3" name="Tests.searchProductFunctionality" time="120.746" errors="0" timestamp="2026-03-13T07:54:46 IST" skipped="0">
  <testcase classname="Tests.searchProductFunctionality" name="TC01_verify_search_validProductKeyword" time="28.049"/>
  <testcase classname="Tests.searchProductFunctionality" name="TC02_verify_searchresults_display_relevantProducts_matchingKeyword" time="58.004"/>
  <testcase classname="Tests.searchProductFunctionality" name="TC03_verify_search_Pressing_EnterKey" time="34.693"/>
</testsuite> <!-- Tests.searchProductFunctionality -->
