<?xml version="1.0" encoding="UTF-8"?>
<!-- Generated by org.testng.reporters.JUnitReportReporter -->
<testsuite hostname="Finnys-Mac-mini.local" failures="0" tests="2" name="Tests.verify_search_product_addtocart" time="105.759" errors="0" timestamp="2026-03-12T00:02:45 IST" skipped="0">
  <testcase classname="Tests.verify_search_product_addtocart" name="searchTrimmer" time="69.552"/>
  <testcase classname="Tests.verify_search_product_addtocart" name="searchIphone17promax" time="36.207"/>
</testsuite> <!-- Tests.verify_search_product_addtocart -->
